[0m01:16:25.899433 [debug] [MainThread]: Sending event: {'category': 'dbt', 'action': 'load_project', 'label': '0d606a76-0b0d-414d-8ec6-280419a30480', 'context': [<snowplow_tracker.self_describing_json.SelfDescribingJson object at 0x7f11cdd80fd0>]}
[0m01:16:26.234795 [debug] [MainThread]: Sending event: {'category': 'dbt', 'action': 'resource_counts', 'label': '0d606a76-0b0d-414d-8ec6-280419a30480', 'context': [<snowplow_tracker.self_describing_json.SelfDescribingJson object at 0x7f11cdd464a0>]}
[0m01:16:26.263957 [info ] [MainThread]: Found 7 models, 0 tests, 0 snapshots, 0 analyses, 470 macros, 0 operations, 0 seed files, 2 sources, 0 exposures, 0 metrics, 0 groups
[0m01:16:26.285874 [debug] [MainThread]: Sending event: {'category': 'dbt', 'action': 'runnable_timing', 'label': '0d606a76-0b0d-414d-8ec6-280419a30480', 'context': [<snowplow_tracker.self_describing_json.SelfDescribingJson object at 0x7f11cdd46470>]}
[0m01:16:26.321285 [debug] [MainThread]: Command `dbt ls` succeeded at 01:16:26.320559 after 18.52 seconds
[0m01:16:26.328230 [debug] [MainThread]: Sending event: {'category': 'dbt', 'action': 'invocation', 'label': 'end', 'context': [<snowplow_tracker.self_describing_json.SelfDescribingJson object at 0x7f11fbfff640>, <snowplow_tracker.self_describing_json.SelfDescribingJson object at 0x7f11ce08e440>, <snowplow_tracker.self_describing_json.SelfDescribingJson object at 0x7f11cdd464a0>]}
[0m01:16:26.334159 [debug] [MainThread]: Flushing usage events
[0m01:16:28.113792 [debug] [MainThread]: Sending event: {'category': 'dbt', 'action': 'invocation', 'label': 'start', 'context': [<snowplow_tracker.self_describing_json.SelfDescribingJson object at 0x7f999ff4b640>, <snowplow_tracker.self_describing_json.SelfDescribingJson object at 0x7f999e4accd0>, <snowplow_tracker.self_describing_json.SelfDescribingJson object at 0x7f999e4acc70>]}


============================== 01:16:28.167001 | 173136cd-d07d-463f-a089-78d6f89b3906 ==============================
[0m01:16:28.167001 [info ] [MainThread]: Running with dbt=1.5.0
[0m01:16:28.174819 [debug] [MainThread]: running dbt with arguments {'fail_fast': 'False', 'version_check': 'True', 'partial_parse': 'True', 'use_colors': 'True', 'printer_width': '80', 'target_path': 'None', 'warn_error_options': 'WarnErrorOptions(include=[], exclude=[])', 'log_cache_events': 'False', 'send_anonymous_usage_stats': 'True', 'no_print': 'None', 'quiet': 'False', 'debug': 'False', 'warn_error': 'None', 'cache_selected_only': 'False', 'profiles_dir': '/usr/local/airflow/include/dbt', 'introspect': 'True', 'write_json': 'True', 'indirect_selection': 'eager', 'static_parser': 'True', 'log_format': 'default', 'use_experimental_parser': 'False', 'log_path': '/usr/local/airflow/include/dbt/logs'}
[0m01:16:33.786661 [debug] [MainThread]: Sending event: {'category': 'dbt', 'action': 'project_id', 'label': '173136cd-d07d-463f-a089-78d6f89b3906', 'context': [<snowplow_tracker.self_describing_json.SelfDescribingJson object at 0x7f997207d990>]}
[0m01:16:33.936738 [debug] [MainThread]: Sending event: {'category': 'dbt', 'action': 'adapter_info', 'label': '173136cd-d07d-463f-a089-78d6f89b3906', 'context': [<snowplow_tracker.self_describing_json.SelfDescribingJson object at 0x7f9971ea8ac0>]}
[0m01:16:34.124295 [debug] [MainThread]: checksum: 968d126075c9ab40c7baa9ff8a410f5fa1c19bf28113e215884a7db0fc4f5bb3, vars: {}, profile: retail, target: dev, version: 1.5.0
[0m01:16:42.467945 [debug] [MainThread]: Partial parsing enabled: 0 files deleted, 0 files added, 0 files changed.
[0m01:16:42.472438 [debug] [MainThread]: Partial parsing enabled, no changes found, skipping parsing
[0m01:16:42.529298 [debug] [MainThread]: Sending event: {'category': 'dbt', 'action': 'load_project', 'label': '173136cd-d07d-463f-a089-78d6f89b3906', 'context': [<snowplow_tracker.self_describing_json.SelfDescribingJson object at 0x7f9971cf1060>]}
[0m01:16:42.649918 [debug] [MainThread]: Sending event: {'category': 'dbt', 'action': 'resource_counts', 'label': '173136cd-d07d-463f-a089-78d6f89b3906', 'context': [<snowplow_tracker.self_describing_json.SelfDescribingJson object at 0x7f9971cb2560>]}
[0m01:16:42.658089 [info ] [MainThread]: Found 7 models, 0 tests, 0 snapshots, 0 analyses, 470 macros, 0 operations, 0 seed files, 2 sources, 0 exposures, 0 metrics, 0 groups
[0m01:16:42.663982 [debug] [MainThread]: Sending event: {'category': 'dbt', 'action': 'runnable_timing', 'label': '173136cd-d07d-463f-a089-78d6f89b3906', 'context': [<snowplow_tracker.self_describing_json.SelfDescribingJson object at 0x7f9971cb0880>]}
[0m01:16:42.685470 [debug] [MainThread]: Command `dbt ls` succeeded at 01:16:42.684440 after 14.73 seconds
[0m01:16:42.690786 [debug] [MainThread]: Sending event: {'category': 'dbt', 'action': 'invocation', 'label': 'end', 'context': [<snowplow_tracker.self_describing_json.SelfDescribingJson object at 0x7f999ff4b640>, <snowplow_tracker.self_describing_json.SelfDescribingJson object at 0x7f999fb4a560>, <snowplow_tracker.self_describing_json.SelfDescribingJson object at 0x7f9971cb2500>]}
[0m01:16:42.696603 [debug] [MainThread]: Flushing usage events
[0m01:16:48.510137 [debug] [MainThread]: Sending event: {'category': 'dbt', 'action': 'invocation', 'label': 'start', 'context': [<snowplow_tracker.self_describing_json.SelfDescribingJson object at 0x7ff957d23640>, <snowplow_tracker.self_describing_json.SelfDescribingJson object at 0x7ff958d34ca0>, <snowplow_tracker.self_describing_json.SelfDescribingJson object at 0x7ff958d34c40>]}


============================== 01:16:48.543866 | 21146337-194d-4839-8698-1ec465273921 ==============================
[0m01:16:48.543866 [info ] [MainThread]: Running with dbt=1.5.0
[0m01:16:48.552058 [debug] [MainThread]: running dbt with arguments {'printer_width': '80', 'static_parser': 'True', 'introspect': 'True', 'profiles_dir': '/usr/local/airflow/include/dbt', 'fail_fast': 'False', 'warn_error': 'None', 'log_path': '/usr/local/airflow/include/dbt/logs', 'use_experimental_parser': 'False', 'partial_parse': 'True', 'target_path': 'None', 'quiet': 'False', 'cache_selected_only': 'False', 'write_json': 'True', 'log_format': 'default', 'indirect_selection': 'eager', 'warn_error_options': 'WarnErrorOptions(include=[], exclude=[])', 'use_colors': 'True', 'log_cache_events': 'False', 'debug': 'False', 'send_anonymous_usage_stats': 'True', 'no_print': 'None', 'version_check': 'True'}
[0m01:16:56.212107 [debug] [MainThread]: Sending event: {'category': 'dbt', 'action': 'project_id', 'label': '21146337-194d-4839-8698-1ec465273921', 'context': [<snowplow_tracker.self_describing_json.SelfDescribingJson object at 0x7ff929e0d960>]}
[0m01:16:56.477864 [debug] [MainThread]: Sending event: {'category': 'dbt', 'action': 'adapter_info', 'label': '21146337-194d-4839-8698-1ec465273921', 'context': [<snowplow_tracker.self_describing_json.SelfDescribingJson object at 0x7ff929e24a30>]}
[0m01:16:56.761602 [debug] [MainThread]: checksum: 968d126075c9ab40c7baa9ff8a410f5fa1c19bf28113e215884a7db0fc4f5bb3, vars: {}, profile: retail, target: dev, version: 1.5.0
[0m01:17:05.715184 [debug] [MainThread]: Partial parsing enabled: 0 files deleted, 0 files added, 0 files changed.
[0m01:17:05.720316 [debug] [MainThread]: Partial parsing enabled, no changes found, skipping parsing
[0m01:17:05.775736 [debug] [MainThread]: Sending event: {'category': 'dbt', 'action': 'load_project', 'label': '21146337-194d-4839-8698-1ec465273921', 'context': [<snowplow_tracker.self_describing_json.SelfDescribingJson object at 0x7ff929a6d030>]}
[0m01:17:05.878805 [debug] [MainThread]: Sending event: {'category': 'dbt', 'action': 'resource_counts', 'label': '21146337-194d-4839-8698-1ec465273921', 'context': [<snowplow_tracker.self_describing_json.SelfDescribingJson object at 0x7ff929c2a500>]}
[0m01:17:05.884873 [info ] [MainThread]: Found 7 models, 0 tests, 0 snapshots, 0 analyses, 470 macros, 0 operations, 0 seed files, 2 sources, 0 exposures, 0 metrics, 0 groups
[0m01:17:05.892828 [debug] [MainThread]: Sending event: {'category': 'dbt', 'action': 'runnable_timing', 'label': '21146337-194d-4839-8698-1ec465273921', 'context': [<snowplow_tracker.self_describing_json.SelfDescribingJson object at 0x7ff929c2a4d0>]}
[0m01:17:05.920499 [debug] [MainThread]: Command `dbt ls` succeeded at 01:17:05.919528 after 17.57 seconds
[0m01:17:05.927948 [debug] [MainThread]: Sending event: {'category': 'dbt', 'action': 'invocation', 'label': 'end', 'context': [<snowplow_tracker.self_describing_json.SelfDescribingJson object at 0x7ff957d23640>, <snowplow_tracker.self_describing_json.SelfDescribingJson object at 0x7ff929c286d0>, <snowplow_tracker.self_describing_json.SelfDescribingJson object at 0x7ff929c2a4d0>]}
[0m01:17:05.936200 [debug] [MainThread]: Flushing usage events
[0m01:17:25.425286 [debug] [MainThread]: Sending event: {'category': 'dbt', 'action': 'invocation', 'label': 'start', 'context': [<snowplow_tracker.self_describing_json.SelfDescribingJson object at 0x7f1b0646f640>, <snowplow_tracker.self_describing_json.SelfDescribingJson object at 0x7f1b049d0c70>, <snowplow_tracker.self_describing_json.SelfDescribingJson object at 0x7f1b049d0c10>]}


============================== 01:17:25.466281 | e9bca656-80ad-445f-bf80-ee920f9e2c90 ==============================
[0m01:17:25.466281 [info ] [MainThread]: Running with dbt=1.5.0
[0m01:17:25.475293 [debug] [MainThread]: running dbt with arguments {'log_format': 'default', 'version_check': 'True', 'target_path': 'None', 'cache_selected_only': 'False', 'no_print': 'None', 'send_anonymous_usage_stats': 'True', 'partial_parse': 'True', 'fail_fast': 'False', 'warn_error': 'None', 'warn_error_options': 'WarnErrorOptions(include=[], exclude=[])', 'indirect_selection': 'eager', 'use_colors': 'True', 'introspect': 'True', 'log_cache_events': 'False', 'use_experimental_parser': 'False', 'write_json': 'True', 'log_path': '/usr/local/airflow/include/dbt/logs', 'printer_width': '80', 'profiles_dir': '/usr/local/airflow/include/dbt', 'debug': 'False', 'static_parser': 'True', 'quiet': 'False'}
[0m01:17:32.831730 [debug] [MainThread]: Sending event: {'category': 'dbt', 'action': 'project_id', 'label': 'e9bca656-80ad-445f-bf80-ee920f9e2c90', 'context': [<snowplow_tracker.self_describing_json.SelfDescribingJson object at 0x7f1adc3b9960>]}
[0m01:17:33.041996 [debug] [MainThread]: Sending event: {'category': 'dbt', 'action': 'adapter_info', 'label': 'e9bca656-80ad-445f-bf80-ee920f9e2c90', 'context': [<snowplow_tracker.self_describing_json.SelfDescribingJson object at 0x7f1adc3d0a30>]}
[0m01:17:33.318151 [debug] [MainThread]: checksum: 968d126075c9ab40c7baa9ff8a410f5fa1c19bf28113e215884a7db0fc4f5bb3, vars: {}, profile: retail, target: dev, version: 1.5.0
[0m01:17:44.198521 [debug] [MainThread]: Partial parsing enabled: 0 files deleted, 0 files added, 0 files changed.
[0m01:17:44.204457 [debug] [MainThread]: Partial parsing enabled, no changes found, skipping parsing
[0m01:17:44.283746 [debug] [MainThread]: Sending event: {'category': 'dbt', 'action': 'load_project', 'label': 'e9bca656-80ad-445f-bf80-ee920f9e2c90', 'context': [<snowplow_tracker.self_describing_json.SelfDescribingJson object at 0x7f1adc215000>]}
[0m01:17:44.514526 [debug] [MainThread]: Sending event: {'category': 'dbt', 'action': 'resource_counts', 'label': 'e9bca656-80ad-445f-bf80-ee920f9e2c90', 'context': [<snowplow_tracker.self_describing_json.SelfDescribingJson object at 0x7f1adc1da500>]}
[0m01:17:44.534314 [info ] [MainThread]: Found 7 models, 0 tests, 0 snapshots, 0 analyses, 470 macros, 0 operations, 0 seed files, 2 sources, 0 exposures, 0 metrics, 0 groups
[0m01:17:44.541393 [debug] [MainThread]: Sending event: {'category': 'dbt', 'action': 'runnable_timing', 'label': 'e9bca656-80ad-445f-bf80-ee920f9e2c90', 'context': [<snowplow_tracker.self_describing_json.SelfDescribingJson object at 0x7f1adc1d8820>]}
[0m01:17:44.596286 [debug] [MainThread]: Command `dbt ls` succeeded at 01:17:44.585847 after 19.32 seconds
[0m01:17:44.610407 [debug] [MainThread]: Sending event: {'category': 'dbt', 'action': 'invocation', 'label': 'end', 'context': [<snowplow_tracker.self_describing_json.SelfDescribingJson object at 0x7f1b0646f640>, <snowplow_tracker.self_describing_json.SelfDescribingJson object at 0x7f1b05f4f850>, <snowplow_tracker.self_describing_json.SelfDescribingJson object at 0x7f1adc1da4a0>]}
[0m01:17:44.618121 [debug] [MainThread]: Flushing usage events
[0m01:17:51.218739 [debug] [MainThread]: Sending event: {'category': 'dbt', 'action': 'invocation', 'label': 'start', 'context': [<snowplow_tracker.self_describing_json.SelfDescribingJson object at 0x7fadcdfe7640>, <snowplow_tracker.self_describing_json.SelfDescribingJson object at 0x7fadceff8c40>, <snowplow_tracker.self_describing_json.SelfDescribingJson object at 0x7fadceff8be0>]}


============================== 01:17:51.272656 | d0e7bdfb-dee8-40a0-ad88-60fa48b2c3e0 ==============================
[0m01:17:51.272656 [info ] [MainThread]: Running with dbt=1.5.0
[0m01:17:51.282674 [debug] [MainThread]: running dbt with arguments {'cache_selected_only': 'False', 'debug': 'False', 'introspect': 'True', 'fail_fast': 'False', 'warn_error': 'None', 'log_cache_events': 'False', 'target_path': 'None', 'printer_width': '80', 'use_colors': 'True', 'partial_parse': 'True', 'write_json': 'True', 'indirect_selection': 'eager', 'send_anonymous_usage_stats': 'True', 'quiet': 'False', 'profiles_dir': '/usr/local/airflow/include/dbt', 'static_parser': 'True', 'warn_error_options': 'WarnErrorOptions(include=[], exclude=[])', 'use_experimental_parser': 'False', 'log_format': 'default', 'version_check': 'True', 'no_print': 'None', 'log_path': '/usr/local/airflow/include/dbt/logs'}
[0m01:17:58.432270 [debug] [MainThread]: Sending event: {'category': 'dbt', 'action': 'project_id', 'label': 'd0e7bdfb-dee8-40a0-ad88-60fa48b2c3e0', 'context': [<snowplow_tracker.self_describing_json.SelfDescribingJson object at 0x7fada40da170>]}
[0m01:17:58.697009 [debug] [MainThread]: Sending event: {'category': 'dbt', 'action': 'adapter_info', 'label': 'd0e7bdfb-dee8-40a0-ad88-60fa48b2c3e0', 'context': [<snowplow_tracker.self_describing_json.SelfDescribingJson object at 0x7fada403a440>]}
[0m01:17:58.954833 [debug] [MainThread]: checksum: 968d126075c9ab40c7baa9ff8a410f5fa1c19bf28113e215884a7db0fc4f5bb3, vars: {}, profile: retail, target: dev, version: 1.5.0
[0m01:18:05.012140 [debug] [MainThread]: Partial parsing enabled: 0 files deleted, 0 files added, 0 files changed.
[0m01:18:05.019710 [debug] [MainThread]: Partial parsing enabled, no changes found, skipping parsing
[0m01:18:05.079539 [debug] [MainThread]: Sending event: {'category': 'dbt', 'action': 'load_project', 'label': 'd0e7bdfb-dee8-40a0-ad88-60fa48b2c3e0', 'context': [<snowplow_tracker.self_describing_json.SelfDescribingJson object at 0x7fad9fd1cfd0>]}
[0m01:18:05.243692 [debug] [MainThread]: Sending event: {'category': 'dbt', 'action': 'resource_counts', 'label': 'd0e7bdfb-dee8-40a0-ad88-60fa48b2c3e0', 'context': [<snowplow_tracker.self_describing_json.SelfDescribingJson object at 0x7fad9fede4a0>]}
[0m01:18:05.259184 [info ] [MainThread]: Found 7 models, 0 tests, 0 snapshots, 0 analyses, 470 macros, 0 operations, 0 seed files, 2 sources, 0 exposures, 0 metrics, 0 groups
[0m01:18:05.271340 [debug] [MainThread]: Sending event: {'category': 'dbt', 'action': 'runnable_timing', 'label': 'd0e7bdfb-dee8-40a0-ad88-60fa48b2c3e0', 'context': [<snowplow_tracker.self_describing_json.SelfDescribingJson object at 0x7fad9fede470>]}
[0m01:18:05.299510 [debug] [MainThread]: Command `dbt ls` succeeded at 01:18:05.298562 after 14.23 seconds
[0m01:18:05.311040 [debug] [MainThread]: Sending event: {'category': 'dbt', 'action': 'invocation', 'label': 'end', 'context': [<snowplow_tracker.self_describing_json.SelfDescribingJson object at 0x7fadcdfe7640>, <snowplow_tracker.self_describing_json.SelfDescribingJson object at 0x7fada403a440>, <snowplow_tracker.self_describing_json.SelfDescribingJson object at 0x7fad9fede4a0>]}
[0m01:18:05.316391 [debug] [MainThread]: Flushing usage events
[0m01:18:24.280043 [debug] [MainThread]: Sending event: {'category': 'dbt', 'action': 'invocation', 'label': 'start', 'context': [<snowplow_tracker.self_describing_json.SelfDescribingJson object at 0x7f5faf8fb640>, <snowplow_tracker.self_describing_json.SelfDescribingJson object at 0x7f5fb0910c10>, <snowplow_tracker.self_describing_json.SelfDescribingJson object at 0x7f5fb0910bb0>]}


============================== 01:18:24.305655 | 12c5a2dc-f6b5-4028-aae7-3a7f4d1b920d ==============================
[0m01:18:24.305655 [info ] [MainThread]: Running with dbt=1.5.0
[0m01:18:24.313835 [debug] [MainThread]: running dbt with arguments {'write_json': 'True', 'log_path': '/usr/local/airflow/include/dbt/logs', 'target_path': 'None', 'fail_fast': 'False', 'debug': 'False', 'use_experimental_parser': 'False', 'indirect_selection': 'eager', 'printer_width': '80', 'use_colors': 'True', 'partial_parse': 'True', 'log_format': 'default', 'cache_selected_only': 'False', 'warn_error': 'None', 'log_cache_events': 'False', 'quiet': 'False', 'send_anonymous_usage_stats': 'True', 'profiles_dir': '/usr/local/airflow/include/dbt', 'introspect': 'True', 'no_print': 'None', 'version_check': 'True', 'warn_error_options': 'WarnErrorOptions(include=[], exclude=[])', 'static_parser': 'True'}
[0m01:18:30.220558 [debug] [MainThread]: Sending event: {'category': 'dbt', 'action': 'project_id', 'label': '12c5a2dc-f6b5-4028-aae7-3a7f4d1b920d', 'context': [<snowplow_tracker.self_describing_json.SelfDescribingJson object at 0x7f5f819f29e0>]}
[0m01:18:30.400629 [debug] [MainThread]: Sending event: {'category': 'dbt', 'action': 'adapter_info', 'label': '12c5a2dc-f6b5-4028-aae7-3a7f4d1b920d', 'context': [<snowplow_tracker.self_describing_json.SelfDescribingJson object at 0x7f5f81956410>]}
[0m01:18:30.630758 [debug] [MainThread]: checksum: 968d126075c9ab40c7baa9ff8a410f5fa1c19bf28113e215884a7db0fc4f5bb3, vars: {}, profile: retail, target: dev, version: 1.5.0
[0m01:18:35.857043 [debug] [MainThread]: Partial parsing enabled: 0 files deleted, 0 files added, 0 files changed.
[0m01:18:35.861233 [debug] [MainThread]: Partial parsing enabled, no changes found, skipping parsing
[0m01:18:35.898334 [debug] [MainThread]: Sending event: {'category': 'dbt', 'action': 'load_project', 'label': '12c5a2dc-f6b5-4028-aae7-3a7f4d1b920d', 'context': [<snowplow_tracker.self_describing_json.SelfDescribingJson object at 0x7f5f81654fa0>]}
[0m01:18:36.006632 [debug] [MainThread]: Sending event: {'category': 'dbt', 'action': 'resource_counts', 'label': '12c5a2dc-f6b5-4028-aae7-3a7f4d1b920d', 'context': [<snowplow_tracker.self_describing_json.SelfDescribingJson object at 0x7f5f818124a0>]}
[0m01:18:36.012831 [info ] [MainThread]: Found 7 models, 0 tests, 0 snapshots, 0 analyses, 470 macros, 0 operations, 0 seed files, 2 sources, 0 exposures, 0 metrics, 0 groups
[0m01:18:36.025273 [debug] [MainThread]: Sending event: {'category': 'dbt', 'action': 'runnable_timing', 'label': '12c5a2dc-f6b5-4028-aae7-3a7f4d1b920d', 'context': [<snowplow_tracker.self_describing_json.SelfDescribingJson object at 0x7f5f818107c0>]}
[0m01:18:36.060687 [debug] [MainThread]: Command `dbt ls` succeeded at 01:18:36.049996 after 11.92 seconds
[0m01:18:36.075821 [debug] [MainThread]: Sending event: {'category': 'dbt', 'action': 'invocation', 'label': 'end', 'context': [<snowplow_tracker.self_describing_json.SelfDescribingJson object at 0x7f5faf8fb640>, <snowplow_tracker.self_describing_json.SelfDescribingJson object at 0x7f5faf5ad6f0>, <snowplow_tracker.self_describing_json.SelfDescribingJson object at 0x7f5f818107c0>]}
[0m01:18:36.081336 [debug] [MainThread]: Flushing usage events
[0m01:18:44.393387 [debug] [MainThread]: Sending event: {'category': 'dbt', 'action': 'invocation', 'label': 'start', 'context': [<snowplow_tracker.self_describing_json.SelfDescribingJson object at 0x7faf0101f640>, <snowplow_tracker.self_describing_json.SelfDescribingJson object at 0x7faf02034c10>, <snowplow_tracker.self_describing_json.SelfDescribingJson object at 0x7faf02034bb0>]}


============================== 01:18:44.419415 | faa40f70-c5e5-4390-80b3-382b4dac798e ==============================
[0m01:18:44.419415 [info ] [MainThread]: Running with dbt=1.5.0
[0m01:18:44.427479 [debug] [MainThread]: running dbt with arguments {'fail_fast': 'False', 'indirect_selection': 'eager', 'use_experimental_parser': 'False', 'cache_selected_only': 'False', 'version_check': 'True', 'log_path': '/usr/local/airflow/include/dbt/logs', 'quiet': 'False', 'partial_parse': 'True', 'profiles_dir': '/usr/local/airflow/include/dbt', 'no_print': 'None', 'send_anonymous_usage_stats': 'True', 'debug': 'False', 'write_json': 'True', 'target_path': 'None', 'log_format': 'default', 'static_parser': 'True', 'printer_width': '80', 'log_cache_events': 'False', 'warn_error': 'None', 'warn_error_options': 'WarnErrorOptions(include=[], exclude=[])', 'introspect': 'True', 'use_colors': 'True'}
[0m01:18:50.240894 [debug] [MainThread]: Sending event: {'category': 'dbt', 'action': 'project_id', 'label': 'faa40f70-c5e5-4390-80b3-382b4dac798e', 'context': [<snowplow_tracker.self_describing_json.SelfDescribingJson object at 0x7faed3082620>]}
[0m01:18:50.490984 [debug] [MainThread]: Sending event: {'category': 'dbt', 'action': 'adapter_info', 'label': 'faa40f70-c5e5-4390-80b3-382b4dac798e', 'context': [<snowplow_tracker.self_describing_json.SelfDescribingJson object at 0x7faed2fe6410>]}
[0m01:18:50.841026 [debug] [MainThread]: checksum: 968d126075c9ab40c7baa9ff8a410f5fa1c19bf28113e215884a7db0fc4f5bb3, vars: {}, profile: retail, target: dev, version: 1.5.0
[0m01:18:58.294404 [debug] [MainThread]: Partial parsing enabled: 0 files deleted, 0 files added, 0 files changed.
[0m01:18:58.297973 [debug] [MainThread]: Partial parsing enabled, no changes found, skipping parsing
[0m01:18:58.342624 [debug] [MainThread]: Sending event: {'category': 'dbt', 'action': 'load_project', 'label': 'faa40f70-c5e5-4390-80b3-382b4dac798e', 'context': [<snowplow_tracker.self_describing_json.SelfDescribingJson object at 0x7faed2ed4fa0>]}
[0m01:18:58.413615 [debug] [MainThread]: Sending event: {'category': 'dbt', 'action': 'resource_counts', 'label': 'faa40f70-c5e5-4390-80b3-382b4dac798e', 'context': [<snowplow_tracker.self_describing_json.SelfDescribingJson object at 0x7faed2e964a0>]}
[0m01:18:58.420973 [info ] [MainThread]: Found 7 models, 0 tests, 0 snapshots, 0 analyses, 470 macros, 0 operations, 0 seed files, 2 sources, 0 exposures, 0 metrics, 0 groups
[0m01:18:58.427822 [debug] [MainThread]: Sending event: {'category': 'dbt', 'action': 'runnable_timing', 'label': 'faa40f70-c5e5-4390-80b3-382b4dac798e', 'context': [<snowplow_tracker.self_describing_json.SelfDescribingJson object at 0x7faed2e947c0>]}
[0m01:18:58.448907 [debug] [MainThread]: Command `dbt ls` succeeded at 01:18:58.448112 after 14.19 seconds
[0m01:18:58.454179 [debug] [MainThread]: Sending event: {'category': 'dbt', 'action': 'invocation', 'label': 'end', 'context': [<snowplow_tracker.self_describing_json.SelfDescribingJson object at 0x7faf0101f640>, <snowplow_tracker.self_describing_json.SelfDescribingJson object at 0x7faf00cd16f0>, <snowplow_tracker.self_describing_json.SelfDescribingJson object at 0x7faed2e947c0>]}
[0m01:18:58.459502 [debug] [MainThread]: Flushing usage events
[0m01:19:25.840096 [debug] [MainThread]: Sending event: {'category': 'dbt', 'action': 'invocation', 'label': 'start', 'context': [<snowplow_tracker.self_describing_json.SelfDescribingJson object at 0x7f3dd929b640>, <snowplow_tracker.self_describing_json.SelfDescribingJson object at 0x7f3dd77f8c70>, <snowplow_tracker.self_describing_json.SelfDescribingJson object at 0x7f3dd77f8c10>]}


============================== 01:19:25.894705 | 0d5ca8a5-591c-4905-b167-26ba10dfa33d ==============================
[0m01:19:25.894705 [info ] [MainThread]: Running with dbt=1.5.0
[0m01:19:25.905518 [debug] [MainThread]: running dbt with arguments {'target_path': 'None', 'partial_parse': 'True', 'cache_selected_only': 'False', 'indirect_selection': 'eager', 'warn_error': 'None', 'version_check': 'True', 'log_cache_events': 'False', 'write_json': 'True', 'quiet': 'False', 'fail_fast': 'False', 'introspect': 'True', 'no_print': 'None', 'send_anonymous_usage_stats': 'True', 'profiles_dir': '/usr/local/airflow/include/dbt', 'printer_width': '80', 'warn_error_options': 'WarnErrorOptions(include=[], exclude=[])', 'use_colors': 'True', 'static_parser': 'True', 'debug': 'False', 'log_format': 'default', 'use_experimental_parser': 'False', 'log_path': '/usr/local/airflow/include/dbt/logs'}
[0m01:19:32.417933 [debug] [MainThread]: Sending event: {'category': 'dbt', 'action': 'project_id', 'label': '0d5ca8a5-591c-4905-b167-26ba10dfa33d', 'context': [<snowplow_tracker.self_describing_json.SelfDescribingJson object at 0x7f3dab3c9960>]}
[0m01:19:32.694487 [debug] [MainThread]: Sending event: {'category': 'dbt', 'action': 'adapter_info', 'label': '0d5ca8a5-591c-4905-b167-26ba10dfa33d', 'context': [<snowplow_tracker.self_describing_json.SelfDescribingJson object at 0x7f3dab1e0a30>]}
[0m01:19:33.012350 [debug] [MainThread]: checksum: 968d126075c9ab40c7baa9ff8a410f5fa1c19bf28113e215884a7db0fc4f5bb3, vars: {}, profile: retail, target: dev, version: 1.5.0
[0m01:19:39.503719 [debug] [MainThread]: Partial parsing enabled: 0 files deleted, 0 files added, 0 files changed.
[0m01:19:39.508478 [debug] [MainThread]: Partial parsing enabled, no changes found, skipping parsing
[0m01:19:39.558502 [debug] [MainThread]: Sending event: {'category': 'dbt', 'action': 'load_project', 'label': '0d5ca8a5-591c-4905-b167-26ba10dfa33d', 'context': [<snowplow_tracker.self_describing_json.SelfDescribingJson object at 0x7f3dab01d000>]}
[0m01:19:39.650799 [debug] [MainThread]: Sending event: {'category': 'dbt', 'action': 'resource_counts', 'label': '0d5ca8a5-591c-4905-b167-26ba10dfa33d', 'context': [<snowplow_tracker.self_describing_json.SelfDescribingJson object at 0x7f3daafde500>]}
[0m01:19:39.655923 [info ] [MainThread]: Found 7 models, 0 tests, 0 snapshots, 0 analyses, 470 macros, 0 operations, 0 seed files, 2 sources, 0 exposures, 0 metrics, 0 groups
[0m01:19:39.660760 [debug] [MainThread]: Sending event: {'category': 'dbt', 'action': 'runnable_timing', 'label': '0d5ca8a5-591c-4905-b167-26ba10dfa33d', 'context': [<snowplow_tracker.self_describing_json.SelfDescribingJson object at 0x7f3daafdc820>]}
[0m01:19:39.683764 [debug] [MainThread]: Command `dbt ls` succeeded at 01:19:39.683011 after 14.11 seconds
[0m01:19:39.688240 [debug] [MainThread]: Sending event: {'category': 'dbt', 'action': 'invocation', 'label': 'end', 'context': [<snowplow_tracker.self_describing_json.SelfDescribingJson object at 0x7f3dd929b640>, <snowplow_tracker.self_describing_json.SelfDescribingJson object at 0x7f3dd8d8b850>, <snowplow_tracker.self_describing_json.SelfDescribingJson object at 0x7f3daafde4a0>]}
[0m01:19:39.692467 [debug] [MainThread]: Flushing usage events
[0m01:19:46.453676 [debug] [MainThread]: Sending event: {'category': 'dbt', 'action': 'invocation', 'label': 'start', 'context': [<snowplow_tracker.self_describing_json.SelfDescribingJson object at 0x7fa0c7677640>, <snowplow_tracker.self_describing_json.SelfDescribingJson object at 0x7fa0c5bd0c70>, <snowplow_tracker.self_describing_json.SelfDescribingJson object at 0x7fa0c5bd0c10>]}


============================== 01:19:46.482106 | 1c7cec90-e70f-47fc-ac53-76f293efa9c8 ==============================
[0m01:19:46.482106 [info ] [MainThread]: Running with dbt=1.5.0
[0m01:19:46.488600 [debug] [MainThread]: running dbt with arguments {'partial_parse': 'True', 'log_format': 'default', 'warn_error': 'None', 'use_colors': 'True', 'use_experimental_parser': 'False', 'target_path': 'None', 'send_anonymous_usage_stats': 'True', 'warn_error_options': 'WarnErrorOptions(include=[], exclude=[])', 'debug': 'False', 'profiles_dir': '/usr/local/airflow/include/dbt', 'quiet': 'False', 'indirect_selection': 'eager', 'introspect': 'True', 'log_cache_events': 'False', 'fail_fast': 'False', 'write_json': 'True', 'cache_selected_only': 'False', 'version_check': 'True', 'log_path': '/usr/local/airflow/include/dbt/logs', 'static_parser': 'True', 'printer_width': '80', 'no_print': 'None'}
[0m01:19:52.573014 [debug] [MainThread]: Sending event: {'category': 'dbt', 'action': 'project_id', 'label': '1c7cec90-e70f-47fc-ac53-76f293efa9c8', 'context': [<snowplow_tracker.self_describing_json.SelfDescribingJson object at 0x7fa0997819f0>]}
[0m01:19:52.762018 [debug] [MainThread]: Sending event: {'category': 'dbt', 'action': 'adapter_info', 'label': '1c7cec90-e70f-47fc-ac53-76f293efa9c8', 'context': [<snowplow_tracker.self_describing_json.SelfDescribingJson object at 0x7fa099798a30>]}
[0m01:19:53.038332 [debug] [MainThread]: checksum: 968d126075c9ab40c7baa9ff8a410f5fa1c19bf28113e215884a7db0fc4f5bb3, vars: {}, profile: retail, target: dev, version: 1.5.0
[0m01:19:58.282474 [debug] [MainThread]: Partial parsing enabled: 0 files deleted, 0 files added, 0 files changed.
[0m01:19:58.287135 [debug] [MainThread]: Partial parsing enabled, no changes found, skipping parsing
[0m01:19:58.328568 [debug] [MainThread]: Sending event: {'category': 'dbt', 'action': 'load_project', 'label': '1c7cec90-e70f-47fc-ac53-76f293efa9c8', 'context': [<snowplow_tracker.self_describing_json.SelfDescribingJson object at 0x7fa0993d5000>]}
[0m01:19:58.423001 [debug] [MainThread]: Sending event: {'category': 'dbt', 'action': 'resource_counts', 'label': '1c7cec90-e70f-47fc-ac53-76f293efa9c8', 'context': [<snowplow_tracker.self_describing_json.SelfDescribingJson object at 0x7fa099596500>]}
[0m01:19:58.428888 [info ] [MainThread]: Found 7 models, 0 tests, 0 snapshots, 0 analyses, 470 macros, 0 operations, 0 seed files, 2 sources, 0 exposures, 0 metrics, 0 groups
[0m01:19:58.435733 [debug] [MainThread]: Sending event: {'category': 'dbt', 'action': 'runnable_timing', 'label': '1c7cec90-e70f-47fc-ac53-76f293efa9c8', 'context': [<snowplow_tracker.self_describing_json.SelfDescribingJson object at 0x7fa099594820>]}
[0m01:19:58.458060 [debug] [MainThread]: Command `dbt ls` succeeded at 01:19:58.457094 after 12.08 seconds
[0m01:19:58.463897 [debug] [MainThread]: Sending event: {'category': 'dbt', 'action': 'invocation', 'label': 'end', 'context': [<snowplow_tracker.self_describing_json.SelfDescribingJson object at 0x7fa0c7677640>, <snowplow_tracker.self_describing_json.SelfDescribingJson object at 0x7fa0c7163850>, <snowplow_tracker.self_describing_json.SelfDescribingJson object at 0x7fa0995964a0>]}
[0m01:19:58.469127 [debug] [MainThread]: Flushing usage events
[0m01:20:14.727975 [debug] [MainThread]: Sending event: {'category': 'dbt', 'action': 'invocation', 'label': 'start', 'context': [<snowplow_tracker.self_describing_json.SelfDescribingJson object at 0x7f1b3d7eb640>, <snowplow_tracker.self_describing_json.SelfDescribingJson object at 0x7f1b3bd40c10>, <snowplow_tracker.self_describing_json.SelfDescribingJson object at 0x7f1b3bd40bb0>]}


============================== 01:20:14.755438 | 4bb15b1f-edd2-47b9-bfe7-e3a031355398 ==============================
[0m01:20:14.755438 [info ] [MainThread]: Running with dbt=1.5.0
[0m01:20:14.762847 [debug] [MainThread]: running dbt with arguments {'write_json': 'True', 'log_path': '/usr/local/airflow/include/dbt/logs', 'use_experimental_parser': 'False', 'printer_width': '80', 'send_anonymous_usage_stats': 'True', 'use_colors': 'True', 'warn_error_options': 'WarnErrorOptions(include=[], exclude=[])', 'no_print': 'None', 'profiles_dir': '/usr/local/airflow/include/dbt', 'partial_parse': 'True', 'quiet': 'False', 'log_format': 'default', 'introspect': 'True', 'warn_error': 'None', 'cache_selected_only': 'False', 'log_cache_events': 'False', 'target_path': 'None', 'static_parser': 'True', 'fail_fast': 'False', 'debug': 'False', 'version_check': 'True', 'indirect_selection': 'eager'}
[0m01:20:20.080420 [debug] [MainThread]: Sending event: {'category': 'dbt', 'action': 'project_id', 'label': '4bb15b1f-edd2-47b9-bfe7-e3a031355398', 'context': [<snowplow_tracker.self_describing_json.SelfDescribingJson object at 0x7f1b0f8da5c0>]}
[0m01:20:20.345861 [debug] [MainThread]: Sending event: {'category': 'dbt', 'action': 'adapter_info', 'label': '4bb15b1f-edd2-47b9-bfe7-e3a031355398', 'context': [<snowplow_tracker.self_describing_json.SelfDescribingJson object at 0x7f1b0f83e410>]}
[0m01:20:20.612349 [debug] [MainThread]: checksum: 968d126075c9ab40c7baa9ff8a410f5fa1c19bf28113e215884a7db0fc4f5bb3, vars: {}, profile: retail, target: dev, version: 1.5.0
[0m01:20:25.623393 [debug] [MainThread]: Partial parsing enabled: 0 files deleted, 0 files added, 0 files changed.
[0m01:20:25.628528 [debug] [MainThread]: Partial parsing enabled, no changes found, skipping parsing
[0m01:20:25.680627 [debug] [MainThread]: Sending event: {'category': 'dbt', 'action': 'load_project', 'label': '4bb15b1f-edd2-47b9-bfe7-e3a031355398', 'context': [<snowplow_tracker.self_describing_json.SelfDescribingJson object at 0x7f1b0f52cfa0>]}
[0m01:20:25.811196 [debug] [MainThread]: Sending event: {'category': 'dbt', 'action': 'resource_counts', 'label': '4bb15b1f-edd2-47b9-bfe7-e3a031355398', 'context': [<snowplow_tracker.self_describing_json.SelfDescribingJson object at 0x7f1b0f6ee4a0>]}
[0m01:20:25.817110 [info ] [MainThread]: Found 7 models, 0 tests, 0 snapshots, 0 analyses, 470 macros, 0 operations, 0 seed files, 2 sources, 0 exposures, 0 metrics, 0 groups
[0m01:20:25.830535 [debug] [MainThread]: Sending event: {'category': 'dbt', 'action': 'runnable_timing', 'label': '4bb15b1f-edd2-47b9-bfe7-e3a031355398', 'context': [<snowplow_tracker.self_describing_json.SelfDescribingJson object at 0x7f1b0f6ec7c0>]}
[0m01:20:25.855704 [debug] [MainThread]: Command `dbt ls` succeeded at 01:20:25.854661 after 11.24 seconds
[0m01:20:25.867490 [debug] [MainThread]: Sending event: {'category': 'dbt', 'action': 'invocation', 'label': 'end', 'context': [<snowplow_tracker.self_describing_json.SelfDescribingJson object at 0x7f1b3d7eb640>, <snowplow_tracker.self_describing_json.SelfDescribingJson object at 0x7f1b3d448940>, <snowplow_tracker.self_describing_json.SelfDescribingJson object at 0x7f1b0f6ec7c0>]}
[0m01:20:25.872969 [debug] [MainThread]: Flushing usage events
[0m01:20:39.696886 [debug] [MainThread]: Sending event: {'category': 'dbt', 'action': 'invocation', 'label': 'start', 'context': [<snowplow_tracker.self_describing_json.SelfDescribingJson object at 0x7fde041cb640>, <snowplow_tracker.self_describing_json.SelfDescribingJson object at 0x7fde02728c70>, <snowplow_tracker.self_describing_json.SelfDescribingJson object at 0x7fde02728c10>]}


============================== 01:20:39.716383 | a2693749-eac2-40d7-929d-8c452742f00e ==============================
[0m01:20:39.716383 [info ] [MainThread]: Running with dbt=1.5.0
[0m01:20:39.721690 [debug] [MainThread]: running dbt with arguments {'printer_width': '80', 'warn_error': 'None', 'send_anonymous_usage_stats': 'True', 'warn_error_options': 'WarnErrorOptions(include=[], exclude=[])', 'quiet': 'False', 'use_experimental_parser': 'False', 'log_path': '/usr/local/airflow/include/dbt/logs', 'use_colors': 'True', 'no_print': 'None', 'profiles_dir': '/usr/local/airflow/include/dbt', 'indirect_selection': 'eager', 'version_check': 'True', 'write_json': 'True', 'log_cache_events': 'False', 'fail_fast': 'False', 'introspect': 'True', 'target_path': 'None', 'partial_parse': 'True', 'log_format': 'default', 'debug': 'False', 'cache_selected_only': 'False', 'static_parser': 'True'}
[0m01:20:42.695511 [debug] [MainThread]: Sending event: {'category': 'dbt', 'action': 'project_id', 'label': 'a2693749-eac2-40d7-929d-8c452742f00e', 'context': [<snowplow_tracker.self_describing_json.SelfDescribingJson object at 0x7fddd62ed8d0>]}
[0m01:20:42.802455 [debug] [MainThread]: Sending event: {'category': 'dbt', 'action': 'adapter_info', 'label': 'a2693749-eac2-40d7-929d-8c452742f00e', 'context': [<snowplow_tracker.self_describing_json.SelfDescribingJson object at 0x7fddd6304a30>]}
[0m01:20:42.939895 [debug] [MainThread]: checksum: 968d126075c9ab40c7baa9ff8a410f5fa1c19bf28113e215884a7db0fc4f5bb3, vars: {}, profile: retail, target: dev, version: 1.5.0
[0m01:20:47.419637 [debug] [MainThread]: Partial parsing enabled: 0 files deleted, 0 files added, 0 files changed.
[0m01:20:47.423643 [debug] [MainThread]: Partial parsing enabled, no changes found, skipping parsing
[0m01:20:47.452909 [debug] [MainThread]: Sending event: {'category': 'dbt', 'action': 'load_project', 'label': 'a2693749-eac2-40d7-929d-8c452742f00e', 'context': [<snowplow_tracker.self_describing_json.SelfDescribingJson object at 0x7fddd5f45000>]}
[0m01:20:47.525940 [debug] [MainThread]: Sending event: {'category': 'dbt', 'action': 'resource_counts', 'label': 'a2693749-eac2-40d7-929d-8c452742f00e', 'context': [<snowplow_tracker.self_describing_json.SelfDescribingJson object at 0x7fddd610a500>]}
[0m01:20:47.534652 [info ] [MainThread]: Found 7 models, 0 tests, 0 snapshots, 0 analyses, 470 macros, 0 operations, 0 seed files, 2 sources, 0 exposures, 0 metrics, 0 groups
[0m01:20:47.540464 [debug] [MainThread]: Sending event: {'category': 'dbt', 'action': 'runnable_timing', 'label': 'a2693749-eac2-40d7-929d-8c452742f00e', 'context': [<snowplow_tracker.self_describing_json.SelfDescribingJson object at 0x7fddd6108820>]}
[0m01:20:47.556872 [debug] [MainThread]: Command `dbt ls` succeeded at 01:20:47.556263 after 7.95 seconds
[0m01:20:47.561507 [debug] [MainThread]: Sending event: {'category': 'dbt', 'action': 'invocation', 'label': 'end', 'context': [<snowplow_tracker.self_describing_json.SelfDescribingJson object at 0x7fde041cb640>, <snowplow_tracker.self_describing_json.SelfDescribingJson object at 0x7fde03cb7850>, <snowplow_tracker.self_describing_json.SelfDescribingJson object at 0x7fddd610a4a0>]}
[0m01:20:47.566075 [debug] [MainThread]: Flushing usage events
[0m01:21:10.541441 [debug] [MainThread]: Sending event: {'category': 'dbt', 'action': 'invocation', 'label': 'start', 'context': [<snowplow_tracker.self_describing_json.SelfDescribingJson object at 0x7fec6c85f640>, <snowplow_tracker.self_describing_json.SelfDescribingJson object at 0x7fec6adbccd0>, <snowplow_tracker.self_describing_json.SelfDescribingJson object at 0x7fec6adbcc70>]}


============================== 01:21:10.559286 | b26cd393-0da1-45fc-9efe-7e9b724da723 ==============================
[0m01:21:10.559286 [info ] [MainThread]: Running with dbt=1.5.0
[0m01:21:10.564549 [debug] [MainThread]: running dbt with arguments {'use_colors': 'True', 'version_check': 'True', 'no_print': 'None', 'debug': 'False', 'log_format': 'default', 'profiles_dir': '/usr/local/airflow/include/dbt', 'cache_selected_only': 'False', 'send_anonymous_usage_stats': 'True', 'use_experimental_parser': 'False', 'write_json': 'True', 'printer_width': '80', 'log_path': '/usr/local/airflow/include/dbt/logs', 'indirect_selection': 'eager', 'warn_error': 'None', 'log_cache_events': 'False', 'warn_error_options': 'WarnErrorOptions(include=[], exclude=[])', 'static_parser': 'True', 'target_path': 'None', 'partial_parse': 'True', 'quiet': 'False', 'introspect': 'True', 'fail_fast': 'False'}
[0m01:21:13.541609 [debug] [MainThread]: Sending event: {'category': 'dbt', 'action': 'project_id', 'label': 'b26cd393-0da1-45fc-9efe-7e9b724da723', 'context': [<snowplow_tracker.self_describing_json.SelfDescribingJson object at 0x7fec3e721990>]}
[0m01:21:13.643795 [debug] [MainThread]: Sending event: {'category': 'dbt', 'action': 'adapter_info', 'label': 'b26cd393-0da1-45fc-9efe-7e9b724da723', 'context': [<snowplow_tracker.self_describing_json.SelfDescribingJson object at 0x7fec3e734ac0>]}
[0m01:21:13.787731 [debug] [MainThread]: checksum: 968d126075c9ab40c7baa9ff8a410f5fa1c19bf28113e215884a7db0fc4f5bb3, vars: {}, profile: retail, target: dev, version: 1.5.0
[0m01:21:18.249555 [debug] [MainThread]: Partial parsing enabled: 0 files deleted, 0 files added, 0 files changed.
[0m01:21:18.253149 [debug] [MainThread]: Partial parsing enabled, no changes found, skipping parsing
[0m01:21:18.286508 [debug] [MainThread]: Sending event: {'category': 'dbt', 'action': 'load_project', 'label': 'b26cd393-0da1-45fc-9efe-7e9b724da723', 'context': [<snowplow_tracker.self_describing_json.SelfDescribingJson object at 0x7fec3e581060>]}
[0m01:21:18.349308 [debug] [MainThread]: Sending event: {'category': 'dbt', 'action': 'resource_counts', 'label': 'b26cd393-0da1-45fc-9efe-7e9b724da723', 'context': [<snowplow_tracker.self_describing_json.SelfDescribingJson object at 0x7fec3e542560>]}
[0m01:21:18.353793 [info ] [MainThread]: Found 7 models, 0 tests, 0 snapshots, 0 analyses, 470 macros, 0 operations, 0 seed files, 2 sources, 0 exposures, 0 metrics, 0 groups
[0m01:21:18.358203 [debug] [MainThread]: Sending event: {'category': 'dbt', 'action': 'runnable_timing', 'label': 'b26cd393-0da1-45fc-9efe-7e9b724da723', 'context': [<snowplow_tracker.self_describing_json.SelfDescribingJson object at 0x7fec3e540880>]}
[0m01:21:18.373232 [debug] [MainThread]: Command `dbt ls` succeeded at 01:21:18.372646 after 7.93 seconds
[0m01:21:18.376975 [debug] [MainThread]: Sending event: {'category': 'dbt', 'action': 'invocation', 'label': 'end', 'context': [<snowplow_tracker.self_describing_json.SelfDescribingJson object at 0x7fec6c85f640>, <snowplow_tracker.self_describing_json.SelfDescribingJson object at 0x7fec6c45e560>, <snowplow_tracker.self_describing_json.SelfDescribingJson object at 0x7fec3e542500>]}
[0m01:21:18.380780 [debug] [MainThread]: Flushing usage events
[0m01:21:31.392047 [debug] [MainThread]: Sending event: {'category': 'dbt', 'action': 'invocation', 'label': 'start', 'context': [<snowplow_tracker.self_describing_json.SelfDescribingJson object at 0x7fac8a103640>, <snowplow_tracker.self_describing_json.SelfDescribingJson object at 0x7fac88660ac0>, <snowplow_tracker.self_describing_json.SelfDescribingJson object at 0x7fac88660a60>]}


============================== 01:21:31.413720 | 9427bffa-3636-45fd-9047-e498415c5f63 ==============================
[0m01:21:31.413720 [info ] [MainThread]: Running with dbt=1.5.0
[0m01:21:31.420029 [debug] [MainThread]: running dbt with arguments {'log_path': '/usr/local/airflow/include/dbt/logs', 'version_check': 'True', 'indirect_selection': 'eager', 'use_colors': 'True', 'log_cache_events': 'False', 'target_path': 'None', 'partial_parse': 'True', 'log_format': 'default', 'warn_error_options': 'WarnErrorOptions(include=[], exclude=[])', 'fail_fast': 'False', 'send_anonymous_usage_stats': 'True', 'introspect': 'True', 'warn_error': 'None', 'printer_width': '80', 'quiet': 'False', 'no_print': 'None', 'profiles_dir': '/usr/local/airflow/include/dbt', 'use_experimental_parser': 'False', 'write_json': 'True', 'static_parser': 'True', 'debug': 'False', 'cache_selected_only': 'False'}
[0m01:21:35.583398 [debug] [MainThread]: Sending event: {'category': 'dbt', 'action': 'project_id', 'label': '9427bffa-3636-45fd-9047-e498415c5f63', 'context': [<snowplow_tracker.self_describing_json.SelfDescribingJson object at 0x7fac6023dea0>]}
[0m01:21:35.702557 [debug] [MainThread]: Sending event: {'category': 'dbt', 'action': 'adapter_info', 'label': '9427bffa-3636-45fd-9047-e498415c5f63', 'context': [<snowplow_tracker.self_describing_json.SelfDescribingJson object at 0x7fac601962c0>]}
[0m01:21:35.859309 [debug] [MainThread]: checksum: 968d126075c9ab40c7baa9ff8a410f5fa1c19bf28113e215884a7db0fc4f5bb3, vars: {}, profile: retail, target: dev, version: 1.5.0
[0m01:21:40.182752 [debug] [MainThread]: Partial parsing enabled: 0 files deleted, 0 files added, 0 files changed.
[0m01:21:40.186444 [debug] [MainThread]: Partial parsing enabled, no changes found, skipping parsing
[0m01:21:40.218399 [debug] [MainThread]: Sending event: {'category': 'dbt', 'action': 'load_project', 'label': '9427bffa-3636-45fd-9047-e498415c5f63', 'context': [<snowplow_tracker.self_describing_json.SelfDescribingJson object at 0x7fac5be34e50>]}
[0m01:21:40.290363 [debug] [MainThread]: Sending event: {'category': 'dbt', 'action': 'resource_counts', 'label': '9427bffa-3636-45fd-9047-e498415c5f63', 'context': [<snowplow_tracker.self_describing_json.SelfDescribingJson object at 0x7fac5bff6350>]}
[0m01:21:40.295874 [info ] [MainThread]: Found 7 models, 0 tests, 0 snapshots, 0 analyses, 470 macros, 0 operations, 0 seed files, 2 sources, 0 exposures, 0 metrics, 0 groups
[0m01:21:40.301052 [debug] [MainThread]: Sending event: {'category': 'dbt', 'action': 'runnable_timing', 'label': '9427bffa-3636-45fd-9047-e498415c5f63', 'context': [<snowplow_tracker.self_describing_json.SelfDescribingJson object at 0x7fac5bff4670>]}
[0m01:21:40.319726 [debug] [MainThread]: Command `dbt ls` succeeded at 01:21:40.318862 after 9.02 seconds
[0m01:21:40.324864 [debug] [MainThread]: Sending event: {'category': 'dbt', 'action': 'invocation', 'label': 'end', 'context': [<snowplow_tracker.self_describing_json.SelfDescribingJson object at 0x7fac8a103640>, <snowplow_tracker.self_describing_json.SelfDescribingJson object at 0x7fac89db5d80>, <snowplow_tracker.self_describing_json.SelfDescribingJson object at 0x7fac5bff4670>]}
[0m01:21:40.330327 [debug] [MainThread]: Flushing usage events
